{"/Users/maria/avtotests/Автоматизируй_это/test_nodejs_9.1_9.4/script.js": {"path":"/Users/maria/avtotests/Автоматизируй_это/test_nodejs_9.1_9.4/script.js","statementMap":{"0":{"start":{"line":1,"column":23},"end":{"line":13,"column":1}},"1":{"start":{"line":3,"column":14},"end":{"line":3,"column":19}},"2":{"start":{"line":8,"column":2},"end":{"line":8,"column":42}},"3":{"start":{"line":12,"column":2},"end":{"line":12,"column":15}},"4":{"start":{"line":14,"column":0},"end":{"line":14,"column":32}}},"fnMap":{"0":{"name":"(anonymous_0)","decl":{"start":{"line":1,"column":23},"end":{"line":1,"column":24}},"loc":{"start":{"line":1,"column":33},"end":{"line":13,"column":1}},"line":1}},"branchMap":{"0":{"loc":{"start":{"line":8,"column":2},"end":{"line":8,"column":41}},"type":"cond-expr","locations":[{"start":{"line":8,"column":14},"end":{"line":8,"column":24}},{"start":{"line":8,"column":29},"end":{"line":8,"column":40}}],"line":8}},"s":{"0":1,"1":22,"2":22,"3":22,"4":1},"f":{"0":22},"b":{"0":[5,17]},"_coverageSchema":"1a1c01bbd47fc00a2c39e90264f33305004495a9","hash":"4567d8badaa8a65d1083ec21499194c8f93e94d1"}
}
